#
# There is insufficient memory for the Java Runtime Environment to continue.
# Native memory allocation (malloc) failed to allocate 1475376 bytes for Chunk::new
# Possible reasons:
#   The system is out of physical RAM or swap space
#   The process is running with CompressedOops enabled, and the Java Heap may be blocking the growth of the native heap
# Possible solutions:
#   Reduce memory load on the system
#   Increase physical memory or swap space
#   Check if swap backing store is full
#   Decrease Java heap size (-Xmx/-Xms)
#   Decrease number of Java threads
#   Decrease Java thread stack sizes (-Xss)
#   Set larger code cache with -XX:ReservedCodeCacheSize=
#   JVM is running with Unscaled Compressed Oops mode in which the Java heap is
#     placed in the first 4GB address space. The Java Heap base address is the
#     maximum limit for the native heap growth. Please use -XX:HeapBaseMinAddress
#     to set the Java Heap base and to place the Java Heap above 4GB virtual address.
# This output file may be truncated or incomplete.
#
#  Out of Memory Error (allocation.cpp:389), pid=13108, tid=0x0000000000006a9c
#
# JRE version: OpenJDK Runtime Environment (8.0_242-b01) (build 1.8.0_242-release-1644-b01)
# Java VM: OpenJDK 64-Bit Server VM (25.242-b01 mixed mode windows-amd64 compressed oops)
# Failed to write core dump. Minidumps are not enabled by default on client versions of Windows
#

---------------  T H R E A D  ---------------

Current thread (0x0000000017c91000):  JavaThread "C2 CompilerThread0" daemon [_thread_in_native, id=27292, stack(0x00000000195d0000,0x00000000196d0000)]

Stack: [0x00000000195d0000,0x00000000196d0000]
[error occurred during error reporting (printing stack bounds), id 0xc0000005]

Native frames: (J=compiled Java code, j=interpreted, Vv=VM code, C=native code)


Current CompileTask:
C2: 103342 14717       4       com.android.tools.r8.ir.optimize.d0::b (1251 bytes)


---------------  P R O C E S S  ---------------

Java Threads: ( => current thread )
  0x000000001bad5000 JavaThread "WorkerExecutor Queue" [_thread_in_native, id=15144, stack(0x0000000025770000,0x0000000025870000)]
  0x000000001a56e800 JavaThread "Cache worker for execution history cache (D:\Yeonori_1209\.gradle\6.4.1\executionHistory)" [_thread_blocked, id=18080, stack(0x0000000025670000,0x0000000025770000)]
  0x000000001a579800 JavaThread "Execution worker for ':' Thread 3" [_thread_in_Java, id=27428, stack(0x0000000025370000,0x0000000025470000)]
  0x000000001a578000 JavaThread "Execution worker for ':' Thread 2" [_thread_in_native, id=24436, stack(0x0000000025270000,0x0000000025370000)]
  0x000000001a576000 JavaThread "Execution worker for ':'" [_thread_in_Java, id=21348, stack(0x0000000025170000,0x0000000025270000)]
  0x000000001a57a800 JavaThread "Cache worker for file content cache (D:\Yeonori_1209\.gradle\6.4.1\fileContent)" [_thread_blocked, id=19492, stack(0x0000000023a40000,0x0000000023b40000)]
  0x000000001a57b000 JavaThread "Memory manager" [_thread_blocked, id=10024, stack(0x00000000230f0000,0x00000000231f0000)]
  0x000000001a56f000 JavaThread "Cache worker for Build Output Cleanup Cache (D:\Yeonori_1209\.gradle\buildOutputCleanup)" [_thread_blocked, id=10680, stack(0x0000000022ff0000,0x00000000230f0000)]
  0x000000001a574800 JavaThread "Build operations Thread 4" [_thread_blocked, id=27376, stack(0x00000000226f0000,0x00000000227f0000)]
  0x000000001a573800 JavaThread "Build operations Thread 3" [_thread_blocked, id=18624, stack(0x00000000225f0000,0x00000000226f0000)]
  0x000000001a573000 JavaThread "Build operations Thread 2" [_thread_blocked, id=26632, stack(0x00000000224f0000,0x00000000225f0000)]
  0x000000001a570800 JavaThread "Build operations" [_thread_blocked, id=25264, stack(0x0000000022130000,0x0000000022230000)]
  0x000000001a088800 JavaThread "Cache worker for file content cache (C:\Users\qhanf\.gradle\caches\6.4.1\fileContent)" [_thread_blocked, id=23428, stack(0x0000000021c30000,0x0000000021d30000)]
  0x000000001a087800 JavaThread "Cache worker for execution history cache (C:\Users\qhanf\.gradle\caches\6.4.1\executionHistory)" [_thread_blocked, id=26596, stack(0x0000000021530000,0x0000000021630000)]
  0x000000001a08a800 JavaThread "Cache worker for cache directory md-rule (C:\Users\qhanf\.gradle\caches\6.4.1\md-rule)" [_thread_blocked, id=26932, stack(0x0000000021430000,0x0000000021530000)]
  0x000000001a086000 JavaThread "Cache worker for cache directory md-supplier (C:\Users\qhanf\.gradle\caches\6.4.1\md-supplier)" [_thread_blocked, id=15440, stack(0x0000000021330000,0x0000000021430000)]
  0x000000001a087000 JavaThread "Cache worker for checksums cache (D:\Yeonori_1209\.gradle\checksums)" [_thread_blocked, id=24024, stack(0x000000001ff90000,0x0000000020090000)]
  0x000000001a08d000 JavaThread "Cache worker for file hash cache (D:\Yeonori_1209\.gradle\6.4.1\fileHashes)" [_thread_blocked, id=20776, stack(0x000000001faf0000,0x000000001fbf0000)]
  0x000000001a08c000 JavaThread "File watcher consumer" daemon [_thread_blocked, id=27628, stack(0x000000001fe90000,0x000000001ff90000)]
  0x000000001a08b800 JavaThread "Cache worker for file hash cache (C:\Users\qhanf\.gradle\caches\6.4.1\fileHashes)" [_thread_blocked, id=2896, stack(0x000000001d850000,0x000000001d950000)]
  0x000000001a089000 JavaThread "File lock request listener" [_thread_in_native, id=24824, stack(0x000000001d750000,0x000000001d850000)]
  0x0000000019198800 JavaThread "Cache worker for journal cache (C:\Users\qhanf\.gradle\caches\journal-1)" [_thread_blocked, id=26080, stack(0x000000001d550000,0x000000001d650000)]
  0x000000001a6c7800 JavaThread "Thread-9" [_thread_blocked, id=21208, stack(0x000000001d250000,0x000000001d350000)]
  0x000000001a6bc800 JavaThread "Asynchronous log dispatcher for DefaultDaemonConnection: socket connection from /127.0.0.1:3666 to /127.0.0.1:3667" [_thread_blocked, id=9512, stack(0x000000001d050000,0x000000001d150000)]
  0x000000001a6b8000 JavaThread "Daemon worker" [_thread_blocked, id=26680, stack(0x000000001cf50000,0x000000001d050000)]
  0x000000001930b000 JavaThread "Cancel handler" [_thread_blocked, id=21704, stack(0x000000001ce50000,0x000000001cf50000)]
  0x000000001aa86800 JavaThread "Handler for socket connection from /127.0.0.1:3666 to /127.0.0.1:3667" [_thread_in_native, id=14640, stack(0x000000001cd50000,0x000000001ce50000)]
  0x000000001aa85000 JavaThread "Daemon" [_thread_blocked, id=20440, stack(0x000000001cc50000,0x000000001cd50000)]
  0x00000000191af800 JavaThread "Daemon periodic checks" [_thread_blocked, id=19680, stack(0x000000001c950000,0x000000001ca50000)]
  0x000000001b47c800 JavaThread "Incoming local TCP Connector on port 3666" [_thread_in_native, id=26220, stack(0x000000001c770000,0x000000001c870000)]
  0x000000001b329800 JavaThread "Daemon health stats" [_thread_blocked, id=14524, stack(0x000000001c470000,0x000000001c570000)]
  0x000000001901a000 JavaThread "Service Thread" daemon [_thread_blocked, id=25276, stack(0x00000000198d0000,0x00000000199d0000)]
  0x0000000018fe8000 JavaThread "C1 CompilerThread2" daemon [_thread_blocked, id=20652, stack(0x00000000197d0000,0x00000000198d0000)]
  0x0000000018fda000 JavaThread "C2 CompilerThread1" daemon [_thread_in_native, id=18272, stack(0x00000000196d0000,0x00000000197d0000)]
=>0x0000000017c91000 JavaThread "C2 CompilerThread0" daemon [_thread_in_native, id=27292, stack(0x00000000195d0000,0x00000000196d0000)]
  0x0000000017c7a800 JavaThread "Attach Listener" daemon [_thread_blocked, id=24592, stack(0x00000000194d0000,0x00000000195d0000)]
  0x0000000018fd8800 JavaThread "Signal Dispatcher" daemon [_thread_blocked, id=18548, stack(0x00000000193d0000,0x00000000194d0000)]
  0x000000000305d000 JavaThread "Finalizer" daemon [_thread_blocked, id=23432, stack(0x0000000018ed0000,0x0000000018fd0000)]
  0x0000000017c69800 JavaThread "Reference Handler" daemon [_thread_blocked, id=23536, stack(0x0000000018dd0000,0x0000000018ed0000)]
  0x0000000002f62800 JavaThread "main" [_thread_blocked, id=10304, stack(0x0000000002a60000,0x0000000002b60000)]

Other Threads:
  0x0000000017c46800 VMThread [stack: 0x0000000018cd0000,0x0000000018dd0000] [id=26192]
  0x000000001901a800 WatcherThread [stack: 0x00000000199d0000,0x0000000019ad0000] [id=15732]

VM state:not at safepoint (normal execution)

VM Mutex/Monitor currently owned by a thread: None

heap address: 0x0000000080000000, size: 2048 MB, Compressed Oops mode: 32-bit
Narrow klass base: 0x0000000000000000, Narrow klass shift: 3
Compressed class space size: 1073741824 Address: 0x0000000100000000

Heap:
 PSYoungGen      total 496640K, used 354328K [0x00000000d5580000, 0x00000000f7900000, 0x0000000100000000)
  eden space 472576K, 71% used [0x00000000d5580000,0x00000000e9e01b98,0x00000000f2300000)
  from space 24064K, 74% used [0x00000000f3c80000,0x00000000f4e04758,0x00000000f5400000)
  to   space 26112K, 0% used [0x00000000f2300000,0x00000000f2300000,0x00000000f3c80000)
 ParOldGen       total 159232K, used 91277K [0x0000000080000000, 0x0000000089b80000, 0x00000000d5580000)
  object space 159232K, 57% used [0x0000000080000000,0x00000000859234f0,0x0000000089b80000)
 Metaspace       used 75911K, capacity 80130K, committed 80304K, reserved 1118208K
  class space    used 10258K, capacity 11088K, committed 11184K, reserved 1048576K

Card table byte_map: [0x0000000012420000,0x0000000012830000] byte_map_base: 0x0000000012020000

Marking Bits: (ParMarkBitMap*) 0x000000005080f030
 Begin Bits: [0x0000000012ee0000, 0x0000000014ee0000)
 End Bits:   [0x0000000014ee0000, 0x0000000016ee0000)

Polling page: 0x00000000011c0000

CodeCache: size=245760Kb used=43406Kb max_used=43432Kb free=202353Kb
 bounds [0x0000000003060000, 0x0000000005b00000, 0x0000000012060000]
 total_blobs=13245 nmethods=12426 adapters=729
 compilation: enabled

Compilation events (10 events):
Event: 103.014 Thread 0x0000000018fe8000 14724       2       com.android.tools.r8.dex.P$g::b (190 bytes)
Event: 103.026 Thread 0x0000000018fe8000 nmethod 14724 0x0000000005adf490 code [0x0000000005adf7a0, 0x0000000005ae0838]
Event: 103.026 Thread 0x0000000018fe8000 14725       2       com.android.tools.r8.dex.P$g$$Lambda$1015/993875121::get$Lambda (9 bytes)
Event: 103.026 Thread 0x0000000018fe8000 nmethod 14725 0x0000000005aa43d0 code [0x0000000005aa4520, 0x0000000005aa46b0]
Event: 103.026 Thread 0x0000000018fe8000 14726       2       com.android.tools.r8.dex.P$g$$Lambda$1015/993875121::<init> (10 bytes)
Event: 103.026 Thread 0x0000000018fe8000 nmethod 14726 0x0000000005aa4050 code [0x0000000005aa41a0, 0x0000000005aa4310]
Event: 103.124 Thread 0x0000000018fe8000 14729       2       com.android.tools.r8.u.b.G0::e (11 bytes)
Event: 103.124 Thread 0x0000000018fe8000 nmethod 14729 0x0000000005adf090 code [0x0000000005adf200, 0x0000000005adf3c8]
Event: 103.148 Thread 0x0000000018fe8000 14730       2       com.android.tools.r8.graph.B0::a (77 bytes)
Event: 103.150 Thread 0x0000000018fe8000 nmethod 14730 0x0000000005ade450 code [0x0000000005ade620, 0x0000000005adeb98]

GC Heap History (10 events):
Event: 89.383 GC heap before
{Heap before GC invocations=42 (full 4):
 PSYoungGen      total 423424K, used 406711K [0x00000000d5580000, 0x00000000f3380000, 0x0000000100000000)
  eden space 398848K, 100% used [0x00000000d5580000,0x00000000edb00000,0x00000000edb00000)
  from space 24576K, 31% used [0x00000000edb00000,0x00000000ee2adf50,0x00000000ef300000)
  to   space 24576K, 0% used [0x00000000f1b80000,0x00000000f1b80000,0x00000000f3380000)
 ParOldGen       total 159232K, used 91269K [0x0000000080000000, 0x0000000089b80000, 0x00000000d5580000)
  object space 159232K, 57% used [0x0000000080000000,0x00000000859214f0,0x0000000089b80000)
 Metaspace       used 75762K, capacity 80012K, committed 80304K, reserved 1118208K
  class space    used 10253K, capacity 11083K, committed 11184K, reserved 1048576K
Event: 89.407 GC heap after
Heap after GC invocations=42 (full 4):
 PSYoungGen      total 456704K, used 7615K [0x00000000d5580000, 0x00000000f2f80000, 0x0000000100000000)
  eden space 436224K, 0% used [0x00000000d5580000,0x00000000d5580000,0x00000000eff80000)
  from space 20480K, 37% used [0x00000000f1b80000,0x00000000f22eff38,0x00000000f2f80000)
  to   space 24576K, 0% used [0x00000000eff80000,0x00000000eff80000,0x00000000f1780000)
 ParOldGen       total 159232K, used 91269K [0x0000000080000000, 0x0000000089b80000, 0x00000000d5580000)
  object space 159232K, 57% used [0x0000000080000000,0x00000000859214f0,0x0000000089b80000)
 Metaspace       used 75762K, capacity 80012K, committed 80304K, reserved 1118208K
  class space    used 10253K, capacity 11083K, committed 11184K, reserved 1048576K
}
Event: 92.759 GC heap before
{Heap before GC invocations=43 (full 4):
 PSYoungGen      total 456704K, used 443839K [0x00000000d5580000, 0x00000000f2f80000, 0x0000000100000000)
  eden space 436224K, 100% used [0x00000000d5580000,0x00000000eff80000,0x00000000eff80000)
  from space 20480K, 37% used [0x00000000f1b80000,0x00000000f22eff38,0x00000000f2f80000)
  to   space 24576K, 0% used [0x00000000eff80000,0x00000000eff80000,0x00000000f1780000)
 ParOldGen       total 159232K, used 91269K [0x0000000080000000, 0x0000000089b80000, 0x00000000d5580000)
  object space 159232K, 57% used [0x0000000080000000,0x00000000859214f0,0x0000000089b80000)
 Metaspace       used 75786K, capacity 80022K, committed 80304K, reserved 1118208K
  class space    used 10254K, capacity 11084K, committed 11184K, reserved 1048576K
Event: 92.793 GC heap after
Heap after GC invocations=43 (full 4):
 PSYoungGen      total 460800K, used 14324K [0x00000000d5580000, 0x00000000f5400000, 0x0000000100000000)
  eden space 436224K, 0% used [0x00000000d5580000,0x00000000d5580000,0x00000000eff80000)
  from space 24576K, 58% used [0x00000000eff80000,0x00000000f0d7d270,0x00000000f1780000)
  to   space 24064K, 0% used [0x00000000f3c80000,0x00000000f3c80000,0x00000000f5400000)
 ParOldGen       total 159232K, used 91269K [0x0000000080000000, 0x0000000089b80000, 0x00000000d5580000)
  object space 159232K, 57% used [0x0000000080000000,0x00000000859214f0,0x0000000089b80000)
 Metaspace       used 75786K, capacity 80022K, committed 80304K, reserved 1118208K
  class space    used 10254K, capacity 11084K, committed 11184K, reserved 1048576K
}
Event: 95.230 GC heap before
{Heap before GC invocations=44 (full 4):
 PSYoungGen      total 460800K, used 450548K [0x00000000d5580000, 0x00000000f5400000, 0x0000000100000000)
  eden space 436224K, 100% used [0x00000000d5580000,0x00000000eff80000,0x00000000eff80000)
  from space 24576K, 58% used [0x00000000eff80000,0x00000000f0d7d270,0x00000000f1780000)
  to   space 24064K, 0% used [0x00000000f3c80000,0x00000000f3c80000,0x00000000f5400000)
 ParOldGen       total 159232K, used 91269K [0x0000000080000000, 0x0000000089b80000, 0x00000000d5580000)
  object space 159232K, 57% used [0x0000000080000000,0x00000000859214f0,0x0000000089b80000)
 Metaspace       used 75795K, capacity 80022K, committed 80304K, reserved 1118208K
  class space    used 10254K, capacity 11084K, committed 11184K, reserved 1048576K
Event: 95.265 GC heap after
Heap after GC invocations=44 (full 4):
 PSYoungGen      total 496128K, used 22883K [0x00000000d5580000, 0x00000000f5900000, 0x0000000100000000)
  eden space 472064K, 0% used [0x00000000d5580000,0x00000000d5580000,0x00000000f2280000)
  from space 24064K, 95% used [0x00000000f3c80000,0x00000000f52d8c48,0x00000000f5400000)
  to   space 26624K, 0% used [0x00000000f2280000,0x00000000f2280000,0x00000000f3c80000)
 ParOldGen       total 159232K, used 91269K [0x0000000080000000, 0x0000000089b80000, 0x00000000d5580000)
  object space 159232K, 57% used [0x0000000080000000,0x00000000859214f0,0x0000000089b80000)
 Metaspace       used 75795K, capacity 80022K, committed 80304K, reserved 1118208K
  class space    used 10254K, capacity 11084K, committed 11184K, reserved 1048576K
}
Event: 98.202 GC heap before
{Heap before GC invocations=45 (full 4):
 PSYoungGen      total 496128K, used 494947K [0x00000000d5580000, 0x00000000f5900000, 0x0000000100000000)
  eden space 472064K, 100% used [0x00000000d5580000,0x00000000f2280000,0x00000000f2280000)
  from space 24064K, 95% used [0x00000000f3c80000,0x00000000f52d8c48,0x00000000f5400000)
  to   space 26624K, 0% used [0x00000000f2280000,0x00000000f2280000,0x00000000f3c80000)
 ParOldGen       total 159232K, used 91269K [0x0000000080000000, 0x0000000089b80000, 0x00000000d5580000)
  object space 159232K, 57% used [0x0000000080000000,0x00000000859214f0,0x0000000089b80000)
 Metaspace       used 75844K, capacity 80056K, committed 80304K, reserved 1118208K
  class space    used 10256K, capacity 11087K, committed 11184K, reserved 1048576K
Event: 98.263 GC heap after
Heap after GC invocations=45 (full 4):
 PSYoungGen      total 498688K, used 14957K [0x00000000d5580000, 0x00000000f5900000, 0x0000000100000000)
  eden space 472064K, 0% used [0x00000000d5580000,0x00000000d5580000,0x00000000f2280000)
  from space 26624K, 56% used [0x00000000f2280000,0x00000000f311b578,0x00000000f3c80000)
  to   space 24064K, 0% used [0x00000000f3c80000,0x00000000f3c80000,0x00000000f5400000)
 ParOldGen       total 159232K, used 91277K [0x0000000080000000, 0x0000000089b80000, 0x00000000d5580000)
  object space 159232K, 57% used [0x0000000080000000,0x00000000859234f0,0x0000000089b80000)
 Metaspace       used 75844K, capacity 80056K, committed 80304K, reserved 1118208K
  class space    used 10256K, capacity 11087K, committed 11184K, reserved 1048576K
}
Event: 101.981 GC heap before
{Heap before GC invocations=46 (full 4):
 PSYoungGen      total 498688K, used 487021K [0x00000000d5580000, 0x00000000f5900000, 0x0000000100000000)
  eden space 472064K, 100% used [0x00000000d5580000,0x00000000f2280000,0x00000000f2280000)
  from space 26624K, 56% used [0x00000000f2280000,0x00000000f311b578,0x00000000f3c80000)
  to   space 24064K, 0% used [0x00000000f3c80000,0x00000000f3c80000,0x00000000f5400000)
 ParOldGen       total 159232K, used 91277K [0x0000000080000000, 0x0000000089b80000, 0x00000000d5580000)
  object space 159232K, 57% used [0x0000000080000000,0x00000000859234f0,0x0000000089b80000)
 Metaspace       used 75897K, capacity 80130K, committed 80304K, reserved 1118208K
  class space    used 10258K, capacity 11088K, committed 11184K, reserved 1048576K
Event: 102.012 GC heap after
Heap after GC invocations=46 (full 4):
 PSYoungGen      total 496640K, used 17937K [0x00000000d5580000, 0x00000000f7900000, 0x0000000100000000)
  eden space 472576K, 0% used [0x00000000d5580000,0x00000000d5580000,0x00000000f2300000)
  from space 24064K, 74% used [0x00000000f3c80000,0x00000000f4e04758,0x00000000f5400000)
  to   space 26112K, 0% used [0x00000000f2300000,0x00000000f2300000,0x00000000f3c80000)
 ParOldGen       total 159232K, used 91277K [0x0000000080000000, 0x0000000089b80000, 0x00000000d5580000)
  object space 159232K, 57% used [0x0000000080000000,0x00000000859234f0,0x0000000089b80000)
 Metaspace       used 75897K, capacity 80130K, committed 80304K, reserved 1118208K
  class space    used 10258K, capacity 11088K, committed 11184K, reserved 1048576K
}

Deoptimization events (10 events):
Event: 99.507 Thread 0x000000001a578000 Uncommon trap: reason=class_check action=maybe_recompile pc=0x00000000058d27c8 method=com.android.tools.r8.ir.optimize.o.b(Lcom/android/tools/r8/u/b/W;)V @ 270
Event: 99.731 Thread 0x000000001a578000 Uncommon trap: reason=unstable_if action=reinterpret pc=0x00000000056fc1bc method=com.android.tools.r8.ir.regalloc.a.a(Lcom/android/tools/r8/ir/regalloc/a$a;Z)Lcom/android/tools/r8/ir/regalloc/a$a; @ 2936
Event: 100.628 Thread 0x000000001a08b800 Uncommon trap: reason=unstable_if action=reinterpret pc=0x000000000482e9ec method=java.util.concurrent.ArrayBlockingQueue.dequeue()Ljava/lang/Object; @ 32
Event: 102.523 Thread 0x000000001a576000 Uncommon trap: reason=null_check action=make_not_entrant pc=0x0000000005ab0d2c method=com.android.tools.r8.ir.analysis.type.a.a(Lcom/android/tools/r8/ir/analysis/type/l;)Lcom/android/tools/r8/ir/analysis/type/o; @ 8
Event: 102.523 Thread 0x000000001a576000 Uncommon trap: reason=null_check action=make_not_entrant pc=0x0000000005abc498 method=com.android.tools.r8.ir.analysis.type.a.a(Lcom/android/tools/r8/ir/analysis/type/l;)Lcom/android/tools/r8/ir/analysis/type/o; @ 8
Event: 102.806 Thread 0x000000001a576000 Uncommon trap: reason=predicate action=maybe_recompile pc=0x0000000005ac3dd0 method=java.util.TimSort.reverseRange([Ljava/lang/Object;II)V @ 8
Event: 103.019 Thread 0x000000001a578000 Uncommon trap: reason=array_check action=maybe_recompile pc=0x0000000005ae3dac method=java.util.TimSort.reverseRange([Ljava/lang/Object;II)V @ 20
Event: 103.019 Thread 0x000000001a578000 Uncommon trap: reason=array_check action=maybe_recompile pc=0x0000000005ae3dac method=java.util.TimSort.reverseRange([Ljava/lang/Object;II)V @ 20
Event: 103.021 Thread 0x000000001a578000 Uncommon trap: reason=array_check action=maybe_recompile pc=0x0000000005ae3dac method=java.util.TimSort.reverseRange([Ljava/lang/Object;II)V @ 20
Event: 103.021 Thread 0x000000001a578000 Uncommon trap: reason=array_check action=maybe_recompile pc=0x0000000005ae3dac method=java.util.TimSort.reverseRange([Ljava/lang/Object;II)V @ 20

Classes redefined (0 events):
No events

Internal exceptions (10 events):
Event: 101.063 Thread 0x000000001a576000 Exception <a 'sun/nio/fs/WindowsException'> (0x00000000e605d9a0) thrown at [C:\src\AOSP-openjdk-git\hotspot\src\share\vm\prims\jni.cpp, line 710]
Event: 101.143 Thread 0x000000001a576000 Exception <a 'sun/nio/fs/WindowsException'> (0x00000000e92b43e8) thrown at [C:\src\AOSP-openjdk-git\hotspot\src\share\vm\prims\jni.cpp, line 710]
Event: 101.529 Thread 0x000000001a576000 Exception <a 'sun/nio/fs/WindowsException'> (0x00000000ecf3a9c8) thrown at [C:\src\AOSP-openjdk-git\hotspot\src\share\vm\prims\jni.cpp, line 710]
Event: 102.182 Thread 0x000000001a578000 Exception <a 'sun/nio/fs/WindowsException'> (0x00000000d71aded8) thrown at [C:\src\AOSP-openjdk-git\hotspot\src\share\vm\prims\jni.cpp, line 710]
Event: 102.523 Thread 0x000000001a576000 Implicit null exception at 0x0000000005aaf34f to 0x0000000005ab0d21
Event: 102.523 Thread 0x000000001a576000 Implicit null exception at 0x0000000005abbc7b to 0x0000000005abc48d
Event: 102.574 Thread 0x000000001a578000 Exception <a 'sun/nio/fs/WindowsException'> (0x00000000d7368958) thrown at [C:\src\AOSP-openjdk-git\hotspot\src\share\vm\prims\jni.cpp, line 710]
Event: 102.836 Thread 0x000000001a576000 Exception <a 'sun/nio/fs/WindowsException'> (0x00000000e15ea350) thrown at [C:\src\AOSP-openjdk-git\hotspot\src\share\vm\prims\jni.cpp, line 710]
Event: 103.057 Thread 0x000000001a578000 Exception <a 'sun/nio/fs/WindowsException'> (0x00000000e373d030) thrown at [C:\src\AOSP-openjdk-git\hotspot\src\share\vm\prims\jni.cpp, line 710]
Event: 103.075 Thread 0x000000001a576000 Exception <a 'sun/nio/fs/WindowsException'> (0x00000000e3faf558) thrown at [C:\src\AOSP-openjdk-git\hotspot\src\share\vm\prims\jni.cpp, line 710]

Events (10 events):
Event: 103.019 Thread 0x000000001a578000 DEOPT UNPACKING pc=0x00000000030a557b sp=0x000000002536a8f0 mode 2
Event: 103.019 Thread 0x000000001a578000 Uncommon trap: trap_request=0xffffffd6 fr.pc=0x0000000005ae3dac
Event: 103.019 Thread 0x000000001a578000 DEOPT PACKING pc=0x0000000005ae3dac sp=0x000000002536aa00
Event: 103.019 Thread 0x000000001a578000 DEOPT UNPACKING pc=0x00000000030a557b sp=0x000000002536a8f0 mode 2
Event: 103.021 Thread 0x000000001a578000 Uncommon trap: trap_request=0xffffffd6 fr.pc=0x0000000005ae3dac
Event: 103.021 Thread 0x000000001a578000 DEOPT PACKING pc=0x0000000005ae3dac sp=0x000000002536a950
Event: 103.021 Thread 0x000000001a578000 DEOPT UNPACKING pc=0x00000000030a557b sp=0x000000002536a840 mode 2
Event: 103.021 Thread 0x000000001a578000 Uncommon trap: trap_request=0xffffffd6 fr.pc=0x0000000005ae3dac
Event: 103.021 Thread 0x000000001a578000 DEOPT PACKING pc=0x0000000005ae3dac sp=0x000000002536a7e0
Event: 103.027 Thread 0x000000001a578000 DEOPT UNPACKING pc=0x00000000030a557b sp=0x000000002536a6d0 mode 2


Dynamic libraries:
0x00007ff61fe10000 - 0x00007ff61fe41000 	C:\Program Files\Android\Android Studio\jre\bin\java.exe
0x00007ff955e10000 - 0x00007ff956006000 	C:\WINDOWS\SYSTEM32\ntdll.dll
0x00007ff9558d0000 - 0x00007ff95598d000 	C:\WINDOWS\System32\KERNEL32.DLL
0x00007ff953660000 - 0x00007ff953929000 	C:\WINDOWS\System32\KERNELBASE.dll
0x00007ff954ac0000 - 0x00007ff954b6c000 	C:\WINDOWS\System32\ADVAPI32.dll
0x00007ff955320000 - 0x00007ff9553be000 	C:\WINDOWS\System32\msvcrt.dll
0x00007ff955ab0000 - 0x00007ff955b4c000 	C:\WINDOWS\System32\sechost.dll
0x00007ff955450000 - 0x00007ff95557b000 	C:\WINDOWS\System32\RPCRT4.dll
0x00007ff955660000 - 0x00007ff955800000 	C:\WINDOWS\System32\USER32.dll
0x00007ff953a00000 - 0x00007ff953a22000 	C:\WINDOWS\System32\win32u.dll
0x00007ff954610000 - 0x00007ff95463a000 	C:\WINDOWS\System32\GDI32.dll
0x00007ff953550000 - 0x00007ff95365b000 	C:\WINDOWS\System32\gdi32full.dll
0x00007ff953c20000 - 0x00007ff953cbd000 	C:\WINDOWS\System32\msvcp_win.dll
0x00007ff953cc0000 - 0x00007ff953dc0000 	C:\WINDOWS\System32\ucrtbase.dll
0x00007ff93c6f0000 - 0x00007ff93c98b000 	C:\WINDOWS\WinSxS\amd64_microsoft.windows.common-controls_6595b64144ccf1df_6.0.19041.746_none_ca02b4b61b8320a4\COMCTL32.dll
0x00007ff954700000 - 0x00007ff954730000 	C:\WINDOWS\System32\IMM32.DLL
0x00000000513f0000 - 0x00000000514c2000 	C:\Program Files\Android\Android Studio\jre\jre\bin\msvcr100.dll
0x0000000050040000 - 0x000000005088b000 	C:\Program Files\Android\Android Studio\jre\jre\bin\server\jvm.dll
0x00007ff954730000 - 0x00007ff954738000 	C:\WINDOWS\System32\PSAPI.DLL
0x00007ff9463e0000 - 0x00007ff9463ea000 	C:\WINDOWS\SYSTEM32\VERSION.dll
0x00007ff930860000 - 0x00007ff930869000 	C:\WINDOWS\SYSTEM32\WSOCK32.dll
0x00007ff945d50000 - 0x00007ff945d77000 	C:\WINDOWS\SYSTEM32\WINMM.dll
0x00007ff955b50000 - 0x00007ff955bbb000 	C:\WINDOWS\System32\WS2_32.dll
0x00007ff94f170000 - 0x00007ff94f17f000 	C:\Program Files\Android\Android Studio\jre\jre\bin\verify.dll
0x00007ff9477b0000 - 0x00007ff9477d9000 	C:\Program Files\Android\Android Studio\jre\jre\bin\java.dll
0x00007ff94f040000 - 0x00007ff94f056000 	C:\Program Files\Android\Android Studio\jre\jre\bin\zip.dll
0x00007ff954bd0000 - 0x00007ff955313000 	C:\WINDOWS\System32\SHELL32.dll
0x00007ff9516b0000 - 0x00007ff951e3f000 	C:\WINDOWS\SYSTEM32\windows.storage.dll
0x00007ff954740000 - 0x00007ff954a96000 	C:\WINDOWS\System32\combase.dll
0x00007ff952ee0000 - 0x00007ff952f0c000 	C:\WINDOWS\SYSTEM32\Wldp.dll
0x00007ff954490000 - 0x00007ff95453e000 	C:\WINDOWS\System32\SHCORE.dll
0x00007ff955860000 - 0x00007ff9558b5000 	C:\WINDOWS\System32\shlwapi.dll
0x00007ff953480000 - 0x00007ff9534a6000 	C:\WINDOWS\SYSTEM32\profapi.dll
0x00007ff939c60000 - 0x00007ff939c7a000 	C:\Program Files\Android\Android Studio\jre\jre\bin\net.dll
0x00007ff952c60000 - 0x00007ff952cca000 	C:\WINDOWS\system32\mswsock.dll
0x00007ff937c00000 - 0x00007ff937c13000 	C:\Program Files\Android\Android Studio\jre\jre\bin\nio.dll
0x00007ff92fa80000 - 0x00007ff92faa7000 	C:\Users\qhanf\.gradle\native\481b90ef2c2b5ab96622bab5346fdaaafe5c91895d4d4de1c4fe4b2e89a8011f\windows-amd64\native-platform.dll
0x00007ff94f160000 - 0x00007ff94f16d000 	C:\Program Files\Android\Android Studio\jre\jre\bin\management.dll
0x00007ff952e30000 - 0x00007ff952e48000 	C:\WINDOWS\SYSTEM32\CRYPTSP.dll
0x00007ff952600000 - 0x00007ff952634000 	C:\WINDOWS\system32\rsaenh.dll
0x00007ff953b90000 - 0x00007ff953bb7000 	C:\WINDOWS\System32\bcrypt.dll
0x00007ff953440000 - 0x00007ff95346e000 	C:\WINDOWS\SYSTEM32\USERENV.dll
0x00007ff953930000 - 0x00007ff9539b0000 	C:\WINDOWS\System32\bcryptprimitives.dll
0x00007ff952e50000 - 0x00007ff952e5c000 	C:\WINDOWS\SYSTEM32\CRYPTBASE.dll
0x00007ff952950000 - 0x00007ff95298b000 	C:\WINDOWS\SYSTEM32\IPHLPAPI.DLL
0x00007ff9558c0000 - 0x00007ff9558c8000 	C:\WINDOWS\System32\NSI.dll
0x00007ff948140000 - 0x00007ff948157000 	C:\WINDOWS\SYSTEM32\dhcpcsvc6.DLL
0x00007ff94a4f0000 - 0x00007ff94a50d000 	C:\WINDOWS\SYSTEM32\dhcpcsvc.DLL
0x00007ff952990000 - 0x00007ff952a5b000 	C:\WINDOWS\SYSTEM32\DNSAPI.dll
0x00007ff94bf80000 - 0x00007ff94bf8b000 	C:\WINDOWS\SYSTEM32\WINNSI.DLL

VM Arguments:
jvm_args: -Xmx2048m -Dfile.encoding=UTF-8 -Duser.country=KR -Duser.language=ko -Duser.variant 
java_command: org.gradle.launcher.daemon.bootstrap.GradleDaemon 6.4.1
java_class_path (initial): C:\Users\qhanf\.gradle\wrapper\dists\gradle-6.4.1-all\13imxtezgn9nwzqt8rgtkunh1\gradle-6.4.1\lib\gradle-launcher-6.4.1.jar
Launcher Type: SUN_STANDARD

Environment Variables:
JAVA_HOME=C:\Program Files\Java\jdk1.8.0_192
CLASSPATH=.;C:\Program Files\Java\jdk-10\lib\tools.jar;".;C:\Program Files\Java\jdk1.8.0_192\lib\tools.jar";
PATH=C:\ProgramData\Oracle\Java\javapath;C:\Program Files (x86)\Intel\iCLS Client\;C:\Program Files\Intel\iCLS Client\;C:\WINDOWS\system32;C:\WINDOWS;C:\WINDOWS\System32\Wbem;C:\WINDOWS\System32\WindowsPowerShell\v1.0\;C:\Program Files (x86)\Intel\Intel(R) Management Engine Components\DAL;C:\Program Files\Intel\Intel(R) Management Engine Components\DAL;C:\Program Files (x86)\Intel\Intel(R) Management Engine Components\IPT;C:\Program Files\Intel\Intel(R) Management Engine Components\IPT;C:\Program Files\Microsoft SQL Server\130\Tools\Binn\;C:\Program Files\Java\jdk-10\bin;C:\WINDOWS\System32\OpenSSH\;C:\Program Files\Git\cmd;C:\Users\qhanf\AppData\Local\Microsoft\WindowsApps;C:\Program Files\Java\jdk-10\bin;";C:\Program Files\Java\jdk1.8.0_192\bin;
USERNAME=qhanf
OS=Windows_NT
PROCESSOR_IDENTIFIER=Intel64 Family 6 Model 61 Stepping 4, GenuineIntel



---------------  S Y S T E M  ---------------

OS: Windows 10.0 , 64 bit Build 19041 (10.0.19041.662)

CPU:total 4 (initial active 4) (2 cores per cpu, 2 threads per core) family 6 model 61 stepping 4, cmov, cx8, fxsr, mmx, sse, sse2, sse3, ssse3, sse4.1, sse4.2, popcnt, avx, avx2, aes, clmul, erms, 3dnowpref, lzcnt, ht, tsc, tscinvbit, bmi1, bmi2, adx

Memory: 4k page, physical 4094648k(308356k free), swap 16677560k(6680k free)

vm_info: OpenJDK 64-Bit Server VM (25.242-b01) for windows-amd64 JRE (1.8.0_242-release-1644-b01), built by "builder" with MS VC++ 10.0 (VS2010)

time: Sat Jan 23 16:41:53 2021
timezone: 대한민국 표준시
elapsed time: 103 seconds (0d 0h 1m 43s)

